<?xml version="1.0" encoding="UTF-8"?>
<!-- Generated by org.testng.reporters.JUnitReportReporter -->
<testsuite hostname="DESKTOP-E28OV7C" failures="0" tests="1" name="com.auto.testcases.CreateCustomerTest" time="31.237" errors="0" timestamp="2025-07-03T20:53:08 IST" skipped="0">
  <testcase classname="com.auto.testcases.CreateCustomerTest" name="validateCreateCustomer" time="31.237"/>
</testsuite> <!-- com.auto.testcases.CreateCustomerTest -->
