<?xml version="1.0" encoding="UTF-8"?>
<!-- Generated by org.testng.reporters.JUnitReportReporter -->
<testsuite hostname="DESKTOP-E28OV7C" failures="0" tests="1" name="com.auto.testcases.CreateAgentTest" time="25.260" errors="0" timestamp="2025-07-03T16:48:48 IST" skipped="0">
  <testcase classname="com.auto.testcases.CreateAgentTest" name="validateCreateAgent" time="25.260"/>
</testsuite> <!-- com.auto.testcases.CreateAgentTest -->
