<?xml version="1.0" encoding="UTF-8"?>
<!-- Generated by org.testng.reporters.JUnitReportReporter -->
<testsuite hostname="DESKTOP-E28OV7C" failures="0" tests="1" name="com.auto.testcases.CreatePipelineTest" time="35.283" errors="0" timestamp="2025-07-07T16:46:54 IST" skipped="0">
  <testcase classname="com.auto.testcases.CreatePipelineTest" name="validateCreateNewDevPipeline" time="35.283"/>
</testsuite> <!-- com.auto.testcases.CreatePipelineTest -->
